TN:
SF:src\app.ts
FN:14,App
FN:21,middlewares
FN:28,routes
FN:32,start
FNF:4
FNH:4
FNDA:1,App
FNDA:1,middlewares
FNDA:1,routes
FNDA:1,start
DA:1,1
DA:2,1
DA:3,1
DA:4,1
DA:5,1
DA:6,1
DA:7,1
DA:8,1
DA:9,1
DA:10,1
DA:11,1
DA:12,1
DA:13,1
DA:14,1
DA:15,1
DA:16,1
DA:17,1
DA:18,1
DA:19,1
DA:20,1
DA:21,1
DA:22,1
DA:23,1
DA:24,1
DA:25,1
DA:26,1
DA:27,1
DA:28,1
DA:29,1
DA:30,1
DA:31,1
DA:32,1
DA:33,1
DA:34,0
DA:35,1
DA:36,1
DA:37,1
DA:38,1
DA:39,1
DA:40,1
DA:41,1
DA:42,1
LF:42
LH:41
BRDA:14,0,0,1
BRDA:21,1,0,1
BRDA:28,2,0,1
BRDA:32,3,0,1
BRF:4
BRH:4
end_of_record
TN:
SF:src\config\envs.config.ts
FNF:0
FNH:0
DA:1,1
DA:2,1
DA:3,1
DA:4,1
DA:5,1
DA:6,1
DA:7,1
DA:8,1
DA:9,1
DA:10,1
DA:11,1
DA:12,1
DA:13,1
DA:14,1
DA:15,1
DA:16,1
DA:17,1
DA:18,1
DA:19,1
DA:20,1
LF:20
LH:20
BRDA:16,0,0,0
BRF:1
BRH:0
end_of_record
